<?xml version="1.0" encoding="UTF-8"?>
<!-- Generated by org.testng.reporters.JUnitReportReporter -->
<testsuite skipped="0" hostname="DESKTOP-M6L880B" name="coincola.webtest.cases.openFireFoxBroswer" tests="1" failures="0" timestamp="01 四月 2018 12:24:48 GMT" time="0.008" errors="0">
  <testcase name="test" time="0.008" classname="coincola.webtest.cases.openFireFoxBroswer"/>
</testsuite> <!-- coincola.webtest.cases.openFireFoxBroswer -->
