<?xml version="1.0" encoding="UTF-8"?>
<!-- Generated by org.testng.reporters.JUnitReportReporter -->
<testsuite skipped="0" hostname="DESKTOP-M6L880B" name="coincola.webtest.cases.NewTest" tests="1" failures="0" timestamp="01 四月 2018 09:26:13 GMT" time="0.004" errors="0">
  <testcase name="test" time="0.004" classname="coincola.webtest.cases.NewTest"/>
</testsuite> <!-- coincola.webtest.cases.NewTest -->
